<?xml version="1.0" encoding="UTF-8"?>
<!-- Generated by org.testng.reporters.JUnitReportReporter -->
<testsuite hostname="Admin" failures="0" tests="10" name="com.data.driven.tests.RegisterTest" time="95.388" errors="0" timestamp="2025-09-25T17:32:46 IST" skipped="0">
  <testcase classname="com.data.driven.tests.RegisterTest" name="testRegisteringUserDetails" time="30.469"/>
  <testcase classname="com.data.driven.tests.RegisterTest" name="testRegisteringUserDetails" time="8.164"/>
  <testcase classname="com.data.driven.tests.RegisterTest" name="testRegisteringUserDetails" time="12.547"/>
  <testcase classname="com.data.driven.tests.RegisterTest" name="testRegisteringUserDetails" time="5.965"/>
  <testcase classname="com.data.driven.tests.RegisterTest" name="testRegisteringUserDetails" time="5.780"/>
  <testcase classname="com.data.driven.tests.RegisterTest" name="testRegisteringUserDetails" time="6.036"/>
  <testcase classname="com.data.driven.tests.RegisterTest" name="testRegisteringUserDetails" time="5.806"/>
  <testcase classname="com.data.driven.tests.RegisterTest" name="testRegisteringUserDetails" time="5.761"/>
  <testcase classname="com.data.driven.tests.RegisterTest" name="testRegisteringUserDetails" time="6.231"/>
  <testcase classname="com.data.driven.tests.RegisterTest" name="testRegisteringUserDetails" time="8.629"/>
</testsuite> <!-- com.data.driven.tests.RegisterTest -->
