<?xml version="1.0" encoding="UTF-8"?>
<!-- Generated by org.testng.reporters.JUnitReportReporter -->
<testsuite hostname="Admin" failures="0" tests="10" name="com.data.driven.tests.RegisterTest" time="112.358" errors="0" timestamp="2025-09-25T17:46:46 IST" skipped="0">
  <testcase classname="com.data.driven.tests.RegisterTest" name="testRegisteringUserDetails" time="9.563"/>
  <testcase classname="com.data.driven.tests.RegisterTest" name="testRegisteringUserDetails" time="16.196"/>
  <testcase classname="com.data.driven.tests.RegisterTest" name="testRegisteringUserDetails" time="10.615"/>
  <testcase classname="com.data.driven.tests.RegisterTest" name="testRegisteringUserDetails" time="11.401"/>
  <testcase classname="com.data.driven.tests.RegisterTest" name="testRegisteringUserDetails" time="11.470"/>
  <testcase classname="com.data.driven.tests.RegisterTest" name="testRegisteringUserDetails" time="10.960"/>
  <testcase classname="com.data.driven.tests.RegisterTest" name="testRegisteringUserDetails" time="10.756"/>
  <testcase classname="com.data.driven.tests.RegisterTest" name="testRegisteringUserDetails" time="10.607"/>
  <testcase classname="com.data.driven.tests.RegisterTest" name="testRegisteringUserDetails" time="9.510"/>
  <testcase classname="com.data.driven.tests.RegisterTest" name="testRegisteringUserDetails" time="11.280"/>
</testsuite> <!-- com.data.driven.tests.RegisterTest -->
